app/build/intermediates/manifest_merge_blame_file/debug/manifest-merger-blame-debug-report.txt
1<?xml version="1.0" encoding="utf-8"?>
2<manifest xmlns:android="http://schemas.android.com/apk/res/android"
3    package="com.example.ticaccontroller"
4    android:versionCode="1"
5    android:versionName="1.0" >
6
7    <uses-sdk
8        android:minSdkVersion="21"
8-->src\main\AndroidManifest.xml
9        android:targetSdkVersion="29" />
9-->src\main\AndroidManifest.xml
10
11    <uses-permission android:name="android.permission.INTERNET" />
11-->src\main\AndroidManifest.xml:5:5-83
11-->src\main\AndroidManifest.xml:5:22-64
12    <uses-permission android:name="android.permission.ACCESS_NETWORK_STATE" />
12-->src\main\AndroidManifest.xml:6:5-79
12-->src\main\AndroidManifest.xml:6:22-76
13
14    <application
14-->src\main\AndroidManifest.xml:9:5-36:19
15        android:allowBackup="true"
15-->src\main\AndroidManifest.xml:11:9-35
16        android:appComponentFactory="androidx.core.app.CoreComponentFactory"
16-->[androidx.core:core:1.0.1] AndroidManifest.xml:22:18-86
17        android:debuggable="true"
18        android:icon="@mipmap/ic_launcher"
18-->src\main\AndroidManifest.xml:12:9-43
19        android:label="@string/app_name"
19-->src\main\AndroidManifest.xml:13:9-41
20        android:roundIcon="@mipmap/ic_launcher_round"
20-->src\main\AndroidManifest.xml:14:9-54
21        android:supportsRtl="true"
21-->src\main\AndroidManifest.xml:15:9-35
22        android:theme="@style/Theme.AppCompat.NoActionBar"
22-->src\main\AndroidManifest.xml:16:9-59
23        android:usesCleartextTraffic="true" >
23-->src\main\AndroidManifest.xml:10:9-44
24        <activity
24-->src\main\AndroidManifest.xml:18:9-25:20
25            android:name="com.example.ticaccontroller.SplashScreen"
25-->src\main\AndroidManifest.xml:18:19-47
26            android:screenOrientation="portrait" >
26-->src\main\AndroidManifest.xml:19:13-49
27            <intent-filter>
27-->src\main\AndroidManifest.xml:21:13-24:29
28                <action android:name="android.intent.action.MAIN" />
28-->src\main\AndroidManifest.xml:22:17-69
28-->src\main\AndroidManifest.xml:22:25-66
29
30                <category android:name="android.intent.category.LAUNCHER" />
30-->src\main\AndroidManifest.xml:23:17-77
30-->src\main\AndroidManifest.xml:23:27-74
31            </intent-filter>
32        </activity>
33        <activity
33-->src\main\AndroidManifest.xml:27:9-29:61
34            android:name="com.example.ticaccontroller.LoginActivity"
34-->src\main\AndroidManifest.xml:28:13-42
35            android:screenOrientation="portrait" />
35-->src\main\AndroidManifest.xml:29:13-49
36        <activity
36-->src\main\AndroidManifest.xml:30:9-32:52
37            android:name="com.example.ticaccontroller.SingUp"
37-->src\main\AndroidManifest.xml:31:13-35
38            android:screenOrientation="portrait" />
38-->src\main\AndroidManifest.xml:32:13-49
39        <activity
39-->src\main\AndroidManifest.xml:33:9-35:52
40            android:name="com.example.ticaccontroller.MainActivity"
40-->src\main\AndroidManifest.xml:34:13-41
41            android:screenOrientation="portrait" />
41-->src\main\AndroidManifest.xml:35:13-49
42        <activity
42-->[com.google.android.gms:play-services-auth:17.0.0] AndroidManifest.xml:23:9-27:75
43            android:name="com.google.android.gms.auth.api.signin.internal.SignInHubActivity"
43-->[com.google.android.gms:play-services-auth:17.0.0] AndroidManifest.xml:24:13-93
44            android:excludeFromRecents="true"
44-->[com.google.android.gms:play-services-auth:17.0.0] AndroidManifest.xml:25:13-46
45            android:exported="false"
45-->[com.google.android.gms:play-services-auth:17.0.0] AndroidManifest.xml:26:13-37
46            android:theme="@android:style/Theme.Translucent.NoTitleBar" />
46-->[com.google.android.gms:play-services-auth:17.0.0] AndroidManifest.xml:27:13-72
47        <!--
48            Service handling Google Sign-In user revocation. For apps that do not integrate with
49            Google Sign-In, this service will never be started.
50        -->
51        <service
51-->[com.google.android.gms:play-services-auth:17.0.0] AndroidManifest.xml:33:9-36:110
52            android:name="com.google.android.gms.auth.api.signin.RevocationBoundService"
52-->[com.google.android.gms:play-services-auth:17.0.0] AndroidManifest.xml:34:13-89
53            android:exported="true"
53-->[com.google.android.gms:play-services-auth:17.0.0] AndroidManifest.xml:35:13-36
54            android:permission="com.google.android.gms.auth.api.signin.permission.REVOCATION_NOTIFICATION" />
54-->[com.google.android.gms:play-services-auth:17.0.0] AndroidManifest.xml:36:13-107
55
56        <activity
56-->[com.google.android.gms:play-services-base:17.0.0] AndroidManifest.xml:23:9-26:75
57            android:name="com.google.android.gms.common.api.GoogleApiActivity"
57-->[com.google.android.gms:play-services-base:17.0.0] AndroidManifest.xml:24:13-79
58            android:exported="false"
58-->[com.google.android.gms:play-services-base:17.0.0] AndroidManifest.xml:25:13-37
59            android:theme="@android:style/Theme.Translucent.NoTitleBar" />
59-->[com.google.android.gms:play-services-base:17.0.0] AndroidManifest.xml:26:13-72
60
61        <meta-data
61-->[com.google.android.gms:play-services-basement:17.0.0] AndroidManifest.xml:23:9-25:69
62            android:name="com.google.android.gms.version"
62-->[com.google.android.gms:play-services-basement:17.0.0] AndroidManifest.xml:24:13-58
63            android:value="@integer/google_play_services_version" />
63-->[com.google.android.gms:play-services-basement:17.0.0] AndroidManifest.xml:25:13-66
64    </application>
65
66</manifest>